<?xml version="1.0" encoding="UTF-8"?>
<testsuite name="es.flaviojmend.fitbittracker.service.ApiKeyServiceTest" tests="1" skipped="0" failures="0" errors="0" timestamp="2018-01-11T15:31:36" hostname="flaviojmendes" time="0.075">
  <properties/>
  <testcase name="insertKeyTest" classname="es.flaviojmend.fitbittracker.service.ApiKeyServiceTest" time="0.075"/>
  <system-out><![CDATA[2018-01-11 15:31:36.461  INFO 9789 --- [    Test worker] .b.t.c.SpringBootTestContextBootstrapper : Neither @ContextConfiguration nor @ContextHierarchy found for test class [es.flaviojmend.fitbittracker.service.ApiKeyServiceTest], using SpringBootContextLoader
2018-01-11 15:31:36.462  INFO 9789 --- [    Test worker] o.s.t.c.support.AbstractContextLoader    : Could not detect default resource locations for test class [es.flaviojmend.fitbittracker.service.ApiKeyServiceTest]: no resource found for suffixes {-context.xml, Context.groovy}.
2018-01-11 15:31:36.463  INFO 9789 --- [    Test worker] t.c.s.AnnotationConfigContextLoaderUtils : Could not detect default configuration classes for test class [es.flaviojmend.fitbittracker.service.ApiKeyServiceTest]: ApiKeyServiceTest does not declare any static, non-private, non-final, nested classes annotated with @Configuration.
2018-01-11 15:31:36.494  INFO 9789 --- [    Test worker] .b.t.c.SpringBootTestContextBootstrapper : Found @SpringBootConfiguration es.flaviojmend.fitbittracker.Main for test class es.flaviojmend.fitbittracker.service.ApiKeyServiceTest
2018-01-11 15:31:36.497  INFO 9789 --- [    Test worker] .b.t.c.SpringBootTestContextBootstrapper : Loaded default TestExecutionListener class names from location [META-INF/spring.factories]: [org.springframework.boot.test.mock.mockito.MockitoTestExecutionListener, org.springframework.boot.test.mock.mockito.ResetMocksTestExecutionListener, org.springframework.boot.test.autoconfigure.restdocs.RestDocsTestExecutionListener, org.springframework.boot.test.autoconfigure.web.client.MockRestServiceServerResetTestExecutionListener, org.springframework.boot.test.autoconfigure.web.servlet.MockMvcPrintOnlyOnFailureTestExecutionListener, org.springframework.boot.test.autoconfigure.web.servlet.WebDriverTestExecutionListener, org.springframework.test.context.web.ServletTestExecutionListener, org.springframework.test.context.support.DirtiesContextBeforeModesTestExecutionListener, org.springframework.test.context.support.DependencyInjectionTestExecutionListener, org.springframework.test.context.support.DirtiesContextTestExecutionListener, org.springframework.test.context.transaction.TransactionalTestExecutionListener, org.springframework.test.context.jdbc.SqlScriptsTestExecutionListener]
2018-01-11 15:31:36.504  INFO 9789 --- [    Test worker] .b.t.c.SpringBootTestContextBootstrapper : Using TestExecutionListeners: [org.springframework.test.context.web.ServletTestExecutionListener@2002ea63, org.springframework.test.context.support.DirtiesContextBeforeModesTestExecutionListener@1990c416, org.springframework.boot.test.autoconfigure.SpringBootDependencyInjectionTestExecutionListener@252e3ecc, org.springframework.test.context.support.DirtiesContextTestExecutionListener@629e7ce4, org.springframework.test.context.transaction.TransactionalTestExecutionListener@5578d326, org.springframework.test.context.jdbc.SqlScriptsTestExecutionListener@4a570deb, org.springframework.boot.test.mock.mockito.ResetMocksTestExecutionListener@1e5b8233, org.springframework.boot.test.autoconfigure.web.servlet.WebDriverTestExecutionListener@fb3b440, org.springframework.boot.test.autoconfigure.web.servlet.MockMvcPrintOnlyOnFailureTestExecutionListener@1c41b773, org.springframework.boot.test.autoconfigure.web.client.MockRestServiceServerResetTestExecutionListener@6e8bd945, org.springframework.boot.test.mock.mockito.MockitoTestExecutionListener@2c8394bd, org.springframework.boot.test.autoconfigure.restdocs.RestDocsTestExecutionListener@3e0024d9]
]]></system-out>
  <system-err><![CDATA[]]></system-err>
</testsuite>
