<?xml version="1.0" encoding="UTF-8"?>
<testsuite name="es.flaviojmend.fitbittracker.consumer.DarkSkyConsumerTest" tests="1" skipped="0" failures="0" errors="0" timestamp="2018-01-11T15:31:35" hostname="flaviojmendes" time="1.141">
  <properties/>
  <testcase name="retrieveKillorglinWeatherTest" classname="es.flaviojmend.fitbittracker.consumer.DarkSkyConsumerTest" time="1.141"/>
  <system-out><![CDATA[2018-01-11 15:31:35.274  INFO 9789 --- [    Test worker] .b.t.c.SpringBootTestContextBootstrapper : Neither @ContextConfiguration nor @ContextHierarchy found for test class [es.flaviojmend.fitbittracker.consumer.DarkSkyConsumerTest], using SpringBootContextLoader
2018-01-11 15:31:35.276  INFO 9789 --- [    Test worker] o.s.t.c.support.AbstractContextLoader    : Could not detect default resource locations for test class [es.flaviojmend.fitbittracker.consumer.DarkSkyConsumerTest]: no resource found for suffixes {-context.xml, Context.groovy}.
2018-01-11 15:31:35.281  INFO 9789 --- [    Test worker] t.c.s.AnnotationConfigContextLoaderUtils : Could not detect default configuration classes for test class [es.flaviojmend.fitbittracker.consumer.DarkSkyConsumerTest]: DarkSkyConsumerTest does not declare any static, non-private, non-final, nested classes annotated with @Configuration.
2018-01-11 15:31:35.291  INFO 9789 --- [    Test worker] .b.t.c.SpringBootTestContextBootstrapper : Found @SpringBootConfiguration es.flaviojmend.fitbittracker.Main for test class es.flaviojmend.fitbittracker.consumer.DarkSkyConsumerTest
2018-01-11 15:31:35.298  INFO 9789 --- [    Test worker] .b.t.c.SpringBootTestContextBootstrapper : Loaded default TestExecutionListener class names from location [META-INF/spring.factories]: [org.springframework.boot.test.mock.mockito.MockitoTestExecutionListener, org.springframework.boot.test.mock.mockito.ResetMocksTestExecutionListener, org.springframework.boot.test.autoconfigure.restdocs.RestDocsTestExecutionListener, org.springframework.boot.test.autoconfigure.web.client.MockRestServiceServerResetTestExecutionListener, org.springframework.boot.test.autoconfigure.web.servlet.MockMvcPrintOnlyOnFailureTestExecutionListener, org.springframework.boot.test.autoconfigure.web.servlet.WebDriverTestExecutionListener, org.springframework.test.context.web.ServletTestExecutionListener, org.springframework.test.context.support.DirtiesContextBeforeModesTestExecutionListener, org.springframework.test.context.support.DependencyInjectionTestExecutionListener, org.springframework.test.context.support.DirtiesContextTestExecutionListener, org.springframework.test.context.transaction.TransactionalTestExecutionListener, org.springframework.test.context.jdbc.SqlScriptsTestExecutionListener]
2018-01-11 15:31:35.305  INFO 9789 --- [    Test worker] .b.t.c.SpringBootTestContextBootstrapper : Using TestExecutionListeners: [org.springframework.test.context.web.ServletTestExecutionListener@1d9d04da, org.springframework.test.context.support.DirtiesContextBeforeModesTestExecutionListener@1af9902f, org.springframework.boot.test.autoconfigure.SpringBootDependencyInjectionTestExecutionListener@4b58360c, org.springframework.test.context.support.DirtiesContextTestExecutionListener@3695a126, org.springframework.test.context.transaction.TransactionalTestExecutionListener@435bd8fa, org.springframework.test.context.jdbc.SqlScriptsTestExecutionListener@15f55056, org.springframework.boot.test.mock.mockito.ResetMocksTestExecutionListener@1f97ecb2, org.springframework.boot.test.autoconfigure.web.servlet.WebDriverTestExecutionListener@410f2f7, org.springframework.boot.test.autoconfigure.web.servlet.MockMvcPrintOnlyOnFailureTestExecutionListener@19917687, org.springframework.boot.test.autoconfigure.web.client.MockRestServiceServerResetTestExecutionListener@2659f203, org.springframework.boot.test.mock.mockito.MockitoTestExecutionListener@68b7806, org.springframework.boot.test.autoconfigure.restdocs.RestDocsTestExecutionListener@50fb56a]
]]></system-out>
  <system-err><![CDATA[]]></system-err>
</testsuite>
